Using pre-set license
Built from '2022.2/staging' branch; Version is '2022.2.9f1 (1cc571a6ec95) revision 1885553'; Using compiler version '192829333'; Build Type 'Release'
OS: 'Windows 10  (10.0.19045) 64bit Education' Language: 'en' Physical Memory: 32442 MB
BatchMode: 1, IsHumanControllingUs: 0, StartBugReporterOnCrash: 0, Is64bit: 1, IsPro: 1

COMMAND LINE ARGUMENTS:
C:\Program Files\Unity 2022.2.9f1\Editor\Unity.exe
-adb2
-batchMode
-noUpm
-name
AssetImportWorker3
-projectPath
D:/Unity/Shade_Ghost/Dissertation Artifiact
-logFile
Logs/AssetImportWorker3.log
-srvPort
59504
Successfully changed project path to: D:/Unity/Shade_Ghost/Dissertation Artifiact
D:/Unity/Shade_Ghost/Dissertation Artifiact
[UnityMemory] Configuration Parameters - Can be set up in boot.config
    "memorysetup-bucket-allocator-granularity=16"
    "memorysetup-bucket-allocator-bucket-count=8"
    "memorysetup-bucket-allocator-block-size=33554432"
    "memorysetup-bucket-allocator-block-count=8"
    "memorysetup-main-allocator-block-size=16777216"
    "memorysetup-thread-allocator-block-size=16777216"
    "memorysetup-gfx-main-allocator-block-size=16777216"
    "memorysetup-gfx-thread-allocator-block-size=16777216"
    "memorysetup-cache-allocator-block-size=4194304"
    "memorysetup-typetree-allocator-block-size=2097152"
    "memorysetup-profiler-bucket-allocator-granularity=16"
    "memorysetup-profiler-bucket-allocator-bucket-count=8"
    "memorysetup-profiler-bucket-allocator-block-size=33554432"
    "memorysetup-profiler-bucket-allocator-block-count=8"
    "memorysetup-profiler-allocator-block-size=16777216"
    "memorysetup-profiler-editor-allocator-block-size=1048576"
    "memorysetup-temp-allocator-size-main=16777216"
    "memorysetup-job-temp-allocator-block-size=2097152"
    "memorysetup-job-temp-allocator-block-size-background=1048576"
    "memorysetup-job-temp-allocator-reduction-small-platforms=262144"
    "memorysetup-temp-allocator-size-background-worker=32768"
    "memorysetup-temp-allocator-size-job-worker=262144"
    "memorysetup-temp-allocator-size-preload-manager=33554432"
    "memorysetup-temp-allocator-size-nav-mesh-worker=65536"
    "memorysetup-temp-allocator-size-audio-worker=65536"
    "memorysetup-temp-allocator-size-cloud-worker=32768"
    "memorysetup-temp-allocator-size-gi-baking-worker=262144"
    "memorysetup-temp-allocator-size-gfx=262144"
Player connection [14060] Host "[IP] 10.12.184.56 [Port] 0 [Flags] 2 [Guid] 1938560497 [EditorId] 1938560497 [Version] 1048832 [Id] WindowsEditor(7,HSPD23088455) [Debug] 1 [PackageName] WindowsEditor [ProjectName] Editor" joined multi-casting on [225.0.0.222:54997]...

Player connection [14060] Host "[IP] 10.12.184.56 [Port] 0 [Flags] 2 [Guid] 1938560497 [EditorId] 1938560497 [Version] 1048832 [Id] WindowsEditor(7,HSPD23088455) [Debug] 1 [PackageName] WindowsEditor [ProjectName] Editor" joined alternative multi-casting on [225.0.0.222:34997]...

Refreshing native plugins compatible for Editor in 32.84 ms, found 4 plugins.
Preloading 0 native plugins for Editor in 0.00 ms.
Initialize engine version: 2022.2.9f1 (1cc571a6ec95)
[Subsystems] Discovering subsystems at path C:/Program Files/Unity 2022.2.9f1/Editor/Data/Resources/UnitySubsystems
[Subsystems] Discovering subsystems at path D:/Unity/Shade_Ghost/Dissertation Artifiact/Assets
GfxDevice: creating device client; threaded=0; jobified=0
Direct3D:
    Version:  Direct3D 11.0 [level 11.1]
    Renderer: NVIDIA GeForce RTX 3070 Ti (ID=0x2482)
    Vendor:   NVIDIA
    VRAM:     8017 MB
    Driver:   31.0.15.5123
Initialize mono
Mono path[0] = 'C:/Program Files/Unity 2022.2.9f1/Editor/Data/Managed'
Mono path[1] = 'C:/Program Files/Unity 2022.2.9f1/Editor/Data/MonoBleedingEdge/lib/mono/unityjit-win32'
Mono config path = 'C:/Program Files/Unity 2022.2.9f1/Editor/Data/MonoBleedingEdge/etc'
Using monoOptions --debugger-agent=transport=dt_socket,embedding=1,server=y,suspend=n,address=127.0.0.1:56308
Begin MonoManager ReloadAssembly
Registering precompiled unity dll's ...
Register platform support module: C:/Program Files/Unity 2022.2.9f1/Editor/Data/PlaybackEngines/WindowsStandaloneSupport/UnityEditor.WindowsStandalone.Extensions.dll
Registered in 0.009104 seconds.
- Loaded All Assemblies, in  0.407 seconds
Native extension for WindowsStandalone target not found
Mono: successfully reloaded assembly
- Finished resetting the current domain, in  0.305 seconds
Domain Reload Profiling:
	ReloadAssembly (258ms)
		BeginReloadAssembly (138ms)
			ExecutionOrderSort (0ms)
			DisableScriptedObjects (0ms)
			BackupInstance (0ms)
			ReleaseScriptingObjects (0ms)
			CreateAndSetChildDomain (1ms)
		LoadAllAssembliesAndSetupDomain (0ms)
			LoadAssemblies (136ms)
			RebuildTransferFunctionScriptingTraits (0ms)
			SetupTypeCache (138ms)
				TypeCache.Initialize (137ms)
					TypeCache.ScanAssembly (135ms)
				ResolveRequiredComponents (1ms)
		FinalizeReload (0ms)
			ReleaseScriptCaches (0ms)
			RebuildScriptCaches (0ms)
			SetupLoadedEditorAssemblies (239ms)
				LogAssemblyErrors (0ms)
				InitializePlatformSupportModulesInManaged (10ms)
				SetLoadedEditorAssemblies (9ms)
				RefreshPlugins (0ms)
				BeforeProcessingInitializeOnLoad (1ms)
				ProcessInitializeOnLoadAttributes (162ms)
				ProcessInitializeOnLoadMethodAttributes (58ms)
				AfterProcessingInitializeOnLoad (0ms)
				EditorAssembliesLoaded (0ms)
			ExecutionOrderSort2 (0ms)
			AwakeInstancesAfterBackupRestoration (0ms)
========================================================================
Worker process is ready to serve import requests
Begin MonoManager ReloadAssembly
- Loaded All Assemblies, in  1.037 seconds
Refreshing native plugins compatible for Editor in 11.65 ms, found 4 plugins.
Native extension for WindowsStandalone target not found
Mono: successfully reloaded assembly
- Finished resetting the current domain, in  0.619 seconds
Domain Reload Profiling:
	ReloadAssembly (293ms)
		BeginReloadAssembly (185ms)
			ExecutionOrderSort (0ms)
			DisableScriptedObjects (6ms)
			BackupInstance (0ms)
			ReleaseScriptingObjects (0ms)
			CreateAndSetChildDomain (21ms)
		LoadAllAssembliesAndSetupDomain (741ms)
			LoadAssemblies (526ms)
			RebuildTransferFunctionScriptingTraits (0ms)
			SetupTypeCache (326ms)
				TypeCache.Initialize (297ms)
					TypeCache.ScanAssembly (292ms)
				ResolveRequiredComponents (5ms)
		FinalizeReload (0ms)
			ReleaseScriptCaches (0ms)
			RebuildScriptCaches (0ms)
			SetupLoadedEditorAssemblies (441ms)
				LogAssemblyErrors (0ms)
				InitializePlatformSupportModulesInManaged (6ms)
				SetLoadedEditorAssemblies (4ms)
				RefreshPlugins (0ms)
				BeforeProcessingInitializeOnLoad (73ms)
				ProcessInitializeOnLoadAttributes (306ms)
				ProcessInitializeOnLoadMethodAttributes (41ms)
				AfterProcessingInitializeOnLoad (10ms)
				EditorAssembliesLoaded (0ms)
			ExecutionOrderSort2 (0ms)
			AwakeInstancesAfterBackupRestoration (13ms)
Launched and connected shader compiler UnityShaderCompiler.exe after 0.06 seconds
Refreshing native plugins compatible for Editor in 14.40 ms, found 4 plugins.
Preloading 0 native plugins for Editor in 0.00 ms.
Unloading 3979 Unused Serialized files (Serialized files now loaded: 0)
Unloading 65 unused Assets / (182.4 KB). Loaded Objects now: 4458.
Memory consumption went from 0.61 GB to 0.61 GB.
Total: 4.713400 ms (FindLiveObjects: 0.576700 ms CreateObjectMapping: 0.175100 ms MarkObjects: 3.745700 ms  DeleteObjects: 0.214600 ms)

AssetImportParameters requested are different than current active one (requested -> active):
  custom:container-demuxer-ogg: 62fdf1f143b41e24485cea50d1cbac27 -> 
  custom:video-decoder-ogg-theora: a1e56fd34408186e4bbccfd4996cb3dc -> 
  custom:framework-win-MediaFoundation: 216162199b28c13a410421893ffa2e32 -> 
  custom:container-demuxer-webm: 4f35f7cbe854078d1ac9338744f61a02 -> 
  custom:container-muxer-webm: aa71ff27fc2769a1b78a27578f13a17b -> 
  custom:video-decoder-webm-vp8: 9c59270c3fd7afecdb556c50c9e8de78 -> 
  custom:AudioImporter_EditorPlatform: d09bf68614088b80899f8185d706f6e7 -> 
  custom:video-encoder-webm-vp8: eb34c28f22e8b96e1ab97ce403110664 -> 
  custom:audio-decoder-ogg-vorbis: bf7c407c2cedff20999df2af8eb42d56 -> 
  custom:audio-encoder-webm-vorbis: bf7c407c2cedff20999df2af8eb42d56 -> 
========================================================================
Received Prepare
Begin MonoManager ReloadAssembly
- Loaded All Assemblies, in  1.157 seconds
Refreshing native plugins compatible for Editor in 19.45 ms, found 4 plugins.
Native extension for WindowsStandalone target not found
Mono: successfully reloaded assembly
- Finished resetting the current domain, in  2.134 seconds
Domain Reload Profiling:
	ReloadAssembly (374ms)
		BeginReloadAssembly (230ms)
			ExecutionOrderSort (0ms)
			DisableScriptedObjects (8ms)
			BackupInstance (0ms)
			ReleaseScriptingObjects (0ms)
			CreateAndSetChildDomain (49ms)
		LoadAllAssembliesAndSetupDomain (780ms)
			LoadAssemblies (570ms)
			RebuildTransferFunctionScriptingTraits (0ms)
			SetupTypeCache (343ms)
				TypeCache.Initialize (337ms)
					TypeCache.ScanAssembly (331ms)
				ResolveRequiredComponents (6ms)
		FinalizeReload (0ms)
			ReleaseScriptCaches (0ms)
			RebuildScriptCaches (0ms)
			SetupLoadedEditorAssemblies (403ms)
				LogAssemblyErrors (0ms)
				InitializePlatformSupportModulesInManaged (6ms)
				SetLoadedEditorAssemblies (4ms)
				RefreshPlugins (0ms)
				BeforeProcessingInitializeOnLoad (73ms)
				ProcessInitializeOnLoadAttributes (276ms)
				ProcessInitializeOnLoadMethodAttributes (34ms)
				AfterProcessingInitializeOnLoad (9ms)
				EditorAssembliesLoaded (0ms)
			ExecutionOrderSort2 (0ms)
			AwakeInstancesAfterBackupRestoration (13ms)
Refreshing native plugins compatible for Editor in 24.69 ms, found 4 plugins.
Preloading 0 native plugins for Editor in 0.00 ms.
Unloading 3960 Unused Serialized files (Serialized files now loaded: 0)
Unloading 40 unused Assets / (179.9 KB). Loaded Objects now: 4461.
Memory consumption went from 0.61 GB to 0.61 GB.
Total: 3.655100 ms (FindLiveObjects: 0.532200 ms CreateObjectMapping: 0.221800 ms MarkObjects: 2.700000 ms  DeleteObjects: 0.200100 ms)

Prepare: number of updated asset objects reloaded= 0
AssetImportParameters requested are different than current active one (requested -> active):
  custom:container-demuxer-ogg: 62fdf1f143b41e24485cea50d1cbac27 -> 
  custom:video-decoder-ogg-theora: a1e56fd34408186e4bbccfd4996cb3dc -> 
  custom:framework-win-MediaFoundation: 216162199b28c13a410421893ffa2e32 -> 
  custom:container-demuxer-webm: 4f35f7cbe854078d1ac9338744f61a02 -> 
  custom:container-muxer-webm: aa71ff27fc2769a1b78a27578f13a17b -> 
  custom:video-decoder-webm-vp8: 9c59270c3fd7afecdb556c50c9e8de78 -> 
  custom:AudioImporter_EditorPlatform: d09bf68614088b80899f8185d706f6e7 -> 
  custom:video-encoder-webm-vp8: eb34c28f22e8b96e1ab97ce403110664 -> 
  custom:audio-decoder-ogg-vorbis: bf7c407c2cedff20999df2af8eb42d56 -> 
  custom:audio-encoder-webm-vorbis: bf7c407c2cedff20999df2af8eb42d56 -> 
========================================================================
Received Prepare
Begin MonoManager ReloadAssembly
- Loaded All Assemblies, in  1.144 seconds
Refreshing native plugins compatible for Editor in 22.03 ms, found 4 plugins.
Native extension for WindowsStandalone target not found
Mono: successfully reloaded assembly
- Finished resetting the current domain, in  2.740 seconds
Domain Reload Profiling:
	ReloadAssembly (350ms)
		BeginReloadAssembly (247ms)
			ExecutionOrderSort (0ms)
			DisableScriptedObjects (8ms)
			BackupInstance (0ms)
			ReleaseScriptingObjects (0ms)
			CreateAndSetChildDomain (54ms)
		LoadAllAssembliesAndSetupDomain (790ms)
			LoadAssemblies (574ms)
			RebuildTransferFunctionScriptingTraits (0ms)
			SetupTypeCache (355ms)
				TypeCache.Initialize (348ms)
					TypeCache.ScanAssembly (342ms)
				ResolveRequiredComponents (7ms)
		FinalizeReload (0ms)
			ReleaseScriptCaches (0ms)
			RebuildScriptCaches (0ms)
			SetupLoadedEditorAssemblies (467ms)
				LogAssemblyErrors (0ms)
				InitializePlatformSupportModulesInManaged (8ms)
				SetLoadedEditorAssemblies (4ms)
				RefreshPlugins (0ms)
				BeforeProcessingInitializeOnLoad (80ms)
				ProcessInitializeOnLoadAttributes (324ms)
				ProcessInitializeOnLoadMethodAttributes (39ms)
				AfterProcessingInitializeOnLoad (12ms)
				EditorAssembliesLoaded (0ms)
			ExecutionOrderSort2 (0ms)
			AwakeInstancesAfterBackupRestoration (15ms)
Refreshing native plugins compatible for Editor in 21.15 ms, found 4 plugins.
Preloading 0 native plugins for Editor in 0.00 ms.
Unloading 3960 Unused Serialized files (Serialized files now loaded: 0)
Unloading 40 unused Assets / (179.9 KB). Loaded Objects now: 4464.
Memory consumption went from 0.61 GB to 0.61 GB.
Total: 4.028800 ms (FindLiveObjects: 0.514300 ms CreateObjectMapping: 0.163000 ms MarkObjects: 3.141500 ms  DeleteObjects: 0.208500 ms)

Prepare: number of updated asset objects reloaded= 0
AssetImportParameters requested are different than current active one (requested -> active):
  custom:container-demuxer-ogg: 62fdf1f143b41e24485cea50d1cbac27 -> 
  custom:video-decoder-ogg-theora: a1e56fd34408186e4bbccfd4996cb3dc -> 
  custom:framework-win-MediaFoundation: 216162199b28c13a410421893ffa2e32 -> 
  custom:container-demuxer-webm: 4f35f7cbe854078d1ac9338744f61a02 -> 
  custom:container-muxer-webm: aa71ff27fc2769a1b78a27578f13a17b -> 
  custom:video-decoder-webm-vp8: 9c59270c3fd7afecdb556c50c9e8de78 -> 
  custom:AudioImporter_EditorPlatform: d09bf68614088b80899f8185d706f6e7 -> 
  custom:video-encoder-webm-vp8: eb34c28f22e8b96e1ab97ce403110664 -> 
  custom:audio-decoder-ogg-vorbis: bf7c407c2cedff20999df2af8eb42d56 -> 
  custom:audio-encoder-webm-vorbis: bf7c407c2cedff20999df2af8eb42d56 -> 
========================================================================
Received Prepare
Begin MonoManager ReloadAssembly
- Loaded All Assemblies, in  0.929 seconds
Refreshing native plugins compatible for Editor in 14.85 ms, found 4 plugins.
Native extension for WindowsStandalone target not found
Mono: successfully reloaded assembly
- Finished resetting the current domain, in  1.941 seconds
Domain Reload Profiling:
	ReloadAssembly (268ms)
		BeginReloadAssembly (183ms)
			ExecutionOrderSort (0ms)
			DisableScriptedObjects (7ms)
			BackupInstance (0ms)
			ReleaseScriptingObjects (0ms)
			CreateAndSetChildDomain (35ms)
		LoadAllAssembliesAndSetupDomain (658ms)
			LoadAssemblies (439ms)
			RebuildTransferFunctionScriptingTraits (0ms)
			SetupTypeCache (320ms)
				TypeCache.Initialize (313ms)
					TypeCache.ScanAssembly (307ms)
				ResolveRequiredComponents (6ms)
		FinalizeReload (0ms)
			ReleaseScriptCaches (0ms)
			RebuildScriptCaches (0ms)
			SetupLoadedEditorAssemblies (414ms)
				LogAssemblyErrors (0ms)
				InitializePlatformSupportModulesInManaged (7ms)
				SetLoadedEditorAssemblies (4ms)
				RefreshPlugins (0ms)
				BeforeProcessingInitializeOnLoad (81ms)
				ProcessInitializeOnLoadAttributes (276ms)
				ProcessInitializeOnLoadMethodAttributes (36ms)
				AfterProcessingInitializeOnLoad (9ms)
				EditorAssembliesLoaded (0ms)
			ExecutionOrderSort2 (0ms)
			AwakeInstancesAfterBackupRestoration (15ms)
Refreshing native plugins compatible for Editor in 18.71 ms, found 4 plugins.
Preloading 0 native plugins for Editor in 0.00 ms.
Unloading 3960 Unused Serialized files (Serialized files now loaded: 0)
Unloading 40 unused Assets / (179.6 KB). Loaded Objects now: 4467.
Memory consumption went from 0.61 GB to 0.61 GB.
Total: 3.932100 ms (FindLiveObjects: 0.591700 ms CreateObjectMapping: 0.132900 ms MarkObjects: 3.023100 ms  DeleteObjects: 0.183400 ms)

Prepare: number of updated asset objects reloaded= 0
AssetImportParameters requested are different than current active one (requested -> active):
  custom:container-demuxer-ogg: 62fdf1f143b41e24485cea50d1cbac27 -> 
  custom:video-decoder-ogg-theora: a1e56fd34408186e4bbccfd4996cb3dc -> 
  custom:framework-win-MediaFoundation: 216162199b28c13a410421893ffa2e32 -> 
  custom:container-demuxer-webm: 4f35f7cbe854078d1ac9338744f61a02 -> 
  custom:container-muxer-webm: aa71ff27fc2769a1b78a27578f13a17b -> 
  custom:video-decoder-webm-vp8: 9c59270c3fd7afecdb556c50c9e8de78 -> 
  custom:AudioImporter_EditorPlatform: d09bf68614088b80899f8185d706f6e7 -> 
  custom:video-encoder-webm-vp8: eb34c28f22e8b96e1ab97ce403110664 -> 
  custom:audio-decoder-ogg-vorbis: bf7c407c2cedff20999df2af8eb42d56 -> 
  custom:audio-encoder-webm-vorbis: bf7c407c2cedff20999df2af8eb42d56 -> 
========================================================================
Received Prepare
Refreshing native plugins compatible for Editor in 17.13 ms, found 4 plugins.
Preloading 0 native plugins for Editor in 0.00 ms.
Unloading 6 Unused Serialized files (Serialized files now loaded: 0)
Unloading 6 unused Assets / (159.2 KB). Loaded Objects now: 4467.
Memory consumption went from 84.0 MB to 83.8 MB.
Total: 3.918600 ms (FindLiveObjects: 0.503300 ms CreateObjectMapping: 0.164900 ms MarkObjects: 3.069800 ms  DeleteObjects: 0.179400 ms)

Prepare: number of updated asset objects reloaded= 0
AssetImportParameters requested are different than current active one (requested -> active):
  custom:container-demuxer-ogg: 62fdf1f143b41e24485cea50d1cbac27 -> 
  custom:video-decoder-ogg-theora: a1e56fd34408186e4bbccfd4996cb3dc -> 
  custom:framework-win-MediaFoundation: 216162199b28c13a410421893ffa2e32 -> 
  custom:container-demuxer-webm: 4f35f7cbe854078d1ac9338744f61a02 -> 
  custom:container-muxer-webm: aa71ff27fc2769a1b78a27578f13a17b -> 
  custom:video-decoder-webm-vp8: 9c59270c3fd7afecdb556c50c9e8de78 -> 
  custom:AudioImporter_EditorPlatform: d09bf68614088b80899f8185d706f6e7 -> 
  custom:video-encoder-webm-vp8: eb34c28f22e8b96e1ab97ce403110664 -> 
  custom:audio-decoder-ogg-vorbis: bf7c407c2cedff20999df2af8eb42d56 -> 
  custom:audio-encoder-webm-vorbis: bf7c407c2cedff20999df2af8eb42d56 -> 
========================================================================
Received Prepare
Refreshing native plugins compatible for Editor in 12.04 ms, found 4 plugins.
Preloading 0 native plugins for Editor in 0.00 ms.
Unloading 6 Unused Serialized files (Serialized files now loaded: 0)
Unloading 6 unused Assets / (159.1 KB). Loaded Objects now: 4467.
Memory consumption went from 83.6 MB to 83.5 MB.
Total: 3.709400 ms (FindLiveObjects: 0.497300 ms CreateObjectMapping: 0.139100 ms MarkObjects: 2.899200 ms  DeleteObjects: 0.172600 ms)

Prepare: number of updated asset objects reloaded= 0
AssetImportParameters requested are different than current active one (requested -> active):
  custom:container-demuxer-ogg: 62fdf1f143b41e24485cea50d1cbac27 -> 
  custom:video-decoder-ogg-theora: a1e56fd34408186e4bbccfd4996cb3dc -> 
  custom:framework-win-MediaFoundation: 216162199b28c13a410421893ffa2e32 -> 
  custom:container-demuxer-webm: 4f35f7cbe854078d1ac9338744f61a02 -> 
  custom:container-muxer-webm: aa71ff27fc2769a1b78a27578f13a17b -> 
  custom:video-decoder-webm-vp8: 9c59270c3fd7afecdb556c50c9e8de78 -> 
  custom:AudioImporter_EditorPlatform: d09bf68614088b80899f8185d706f6e7 -> 
  custom:video-encoder-webm-vp8: eb34c28f22e8b96e1ab97ce403110664 -> 
  custom:audio-decoder-ogg-vorbis: bf7c407c2cedff20999df2af8eb42d56 -> 
  custom:audio-encoder-webm-vorbis: bf7c407c2cedff20999df2af8eb42d56 -> 
========================================================================
Received Import Request.
  Time since last request: 617991.164351 seconds.
  path: Assets/Animation/Enemy_Ghost.anim
  artifactKey: Guid(eed6f72abc3da5d4fabdb811ebff7d91) Importer(2089858483,0ecaa5967403d082aa24f35e1b516d23)
Start importing Assets/Animation/Enemy_Ghost.anim using Guid(eed6f72abc3da5d4fabdb811ebff7d91) Importer(2089858483,0ecaa5967403d082aa24f35e1b516d23)  -> (artifact id: '694a6310d818a4679b8604f9244b92f0') in 0.137667 seconds 
Number of updated asset objects reloaded before import = 0
Number of asset objects unloaded after import = 1
========================================================================
Received Import Request.
  Time since last request: 0.000025 seconds.
  path: Assets/TextMesh Pro/Resources/LineBreaking Leading Characters.txt
  artifactKey: Guid(d82c1b31c7e74239bff1220585707d2b) Importer(2089858483,0ecaa5967403d082aa24f35e1b516d23)
Start importing Assets/TextMesh Pro/Resources/LineBreaking Leading Characters.txt using Guid(d82c1b31c7e74239bff1220585707d2b) Importer(2089858483,0ecaa5967403d082aa24f35e1b516d23)  -> (artifact id: '1a092463fa1e8dcec7b58747c8ed36f1') in 0.010379 seconds 
Number of updated asset objects reloaded before import = 0
Number of asset objects unloaded after import = 1
========================================================================
Received Import Request.
  Time since last request: 0.000031 seconds.
  path: Assets/Scripts/Puzzle_Start.cs
  artifactKey: Guid(0057ed8445b367843b58d4f07c95b6f4) Importer(2089858483,0ecaa5967403d082aa24f35e1b516d23)
Start importing Assets/Scripts/Puzzle_Start.cs using Guid(0057ed8445b367843b58d4f07c95b6f4) Importer(2089858483,0ecaa5967403d082aa24f35e1b516d23)  -> (artifact id: '18e281c0856a6c2009f615c23883af60') in 0.013099 seconds 
Number of updated asset objects reloaded before import = 0
Number of asset objects unloaded after import = 1
========================================================================
Received Import Request.
  Time since last request: 0.000019 seconds.
  path: Assets/TextMesh Pro/Shaders/TMPro_Mobile.cginc
  artifactKey: Guid(c334973cef89a9840b0b0c507e0377ab) Importer(2089858483,0ecaa5967403d082aa24f35e1b516d23)
Start importing Assets/TextMesh Pro/Shaders/TMPro_Mobile.cginc using Guid(c334973cef89a9840b0b0c507e0377ab) Importer(2089858483,0ecaa5967403d082aa24f35e1b516d23)  -> (artifact id: '1a7f2fe36db3956e0d07591f4bfb852f') in 0.035630 seconds 
Number of updated asset objects reloaded before import = 0
Number of asset objects unloaded after import = 1
========================================================================
Received Import Request.
  Time since last request: 0.000017 seconds.
  path: Assets/TextMesh Pro/Shaders/TMPro.cginc
  artifactKey: Guid(407bc68d299748449bbf7f48ee690f8d) Importer(2089858483,0ecaa5967403d082aa24f35e1b516d23)
Start importing Assets/TextMesh Pro/Shaders/TMPro.cginc using Guid(407bc68d299748449bbf7f48ee690f8d) Importer(2089858483,0ecaa5967403d082aa24f35e1b516d23)  -> (artifact id: '335f7876e469bbf822a307169a0d8199') in 0.010161 seconds 
Number of updated asset objects reloaded before import = 0
Number of asset objects unloaded after import = 1
========================================================================
Received Import Request.
  Time since last request: 0.000016 seconds.
  path: Assets/Scripts/Dialog_Scripts/Grave_Dialog.cs
  artifactKey: Guid(601247cbfb3fa184998fa059862a0a81) Importer(2089858483,0ecaa5967403d082aa24f35e1b516d23)
Start importing Assets/Scripts/Dialog_Scripts/Grave_Dialog.cs using Guid(601247cbfb3fa184998fa059862a0a81) Importer(2089858483,0ecaa5967403d082aa24f35e1b516d23)  -> (artifact id: '2f36a15b5f862d27ca99609860cf2d0b') in 0.013955 seconds 
Number of updated asset objects reloaded before import = 0
Number of asset objects unloaded after import = 1
========================================================================
Received Import Request.
  Time since last request: 0.000072 seconds.
  path: Assets/Scenes/Grave_Hub.unity
  artifactKey: Guid(1563c03fb4469fe4199bb460cd1a4bc6) Importer(2089858483,0ecaa5967403d082aa24f35e1b516d23)
Start importing Assets/Scenes/Grave_Hub.unity using Guid(1563c03fb4469fe4199bb460cd1a4bc6) Importer(2089858483,0ecaa5967403d082aa24f35e1b516d23)  -> (artifact id: '5d3e7cc9e54afa423ae74aac09a96595') in 0.006049 seconds 
Number of updated asset objects reloaded before import = 0
Number of asset objects unloaded after import = 1
========================================================================
Received Import Request.
  Time since last request: 0.000146 seconds.
  path: Assets/Sprites/Grave_S.png
  artifactKey: Guid(04198d20ce0336c499b2c17302a22d3e) Importer(2089858483,0ecaa5967403d082aa24f35e1b516d23)
Start importing Assets/Sprites/Grave_S.png using Guid(04198d20ce0336c499b2c17302a22d3e) Importer(2089858483,0ecaa5967403d082aa24f35e1b516d23)  -> (artifact id: 'e133ebb1af083c30a515efbe2d25fc2c') in 0.057684 seconds 
Number of updated asset objects reloaded before import = 0
Number of asset objects unloaded after import = 3
========================================================================
Received Import Request.
  Time since last request: 0.000089 seconds.
  path: Assets/Scripts/Puzzle_Complete.cs
  artifactKey: Guid(f1e80a4f8606d0443a24f5d51aafda28) Importer(2089858483,0ecaa5967403d082aa24f35e1b516d23)
Start importing Assets/Scripts/Puzzle_Complete.cs using Guid(f1e80a4f8606d0443a24f5d51aafda28) Importer(2089858483,0ecaa5967403d082aa24f35e1b516d23)  -> (artifact id: '5ff05f7a53db3522e3cbdcdfd02390b3') in 0.008789 seconds 
Number of updated asset objects reloaded before import = 0
Number of asset objects unloaded after import = 1
========================================================================
Received Import Request.
  Time since last request: 0.000017 seconds.
  path: Assets/Sprites/Materials/NPC_Ghost 2.mat
  artifactKey: Guid(3b06df331f6a4504b93ba680546e9b77) Importer(2089858483,0ecaa5967403d082aa24f35e1b516d23)
Start importing Assets/Sprites/Materials/NPC_Ghost 2.mat using Guid(3b06df331f6a4504b93ba680546e9b77) Importer(2089858483,0ecaa5967403d082aa24f35e1b516d23)  -> (artifact id: '9d968a62de8364709aae31a93f1b9a7e') in 0.062621 seconds 
Number of updated asset objects reloaded before import = 0
Number of asset objects unloaded after import = 2
========================================================================
Received Import Request.
  Time since last request: 0.000022 seconds.
  path: Assets/Sprites/autumn items.png
  artifactKey: Guid(0860f69f4d1ac8d48bbeee593f48985e) Importer(2089858483,0ecaa5967403d082aa24f35e1b516d23)
Start importing Assets/Sprites/autumn items.png using Guid(0860f69f4d1ac8d48bbeee593f48985e) Importer(2089858483,0ecaa5967403d082aa24f35e1b516d23)  -> (artifact id: '833ded393dfc590fd42db85410ca2a22') in 0.066228 seconds 
Number of updated asset objects reloaded before import = 0
Number of asset objects unloaded after import = 18
========================================================================
Received Import Request.
  Time since last request: 0.000030 seconds.
  path: Assets/Sprites/Gate_Puzzle/Lock_Red.png
  artifactKey: Guid(b57d7745e25667a4dad4f5a00f116ddf) Importer(2089858483,0ecaa5967403d082aa24f35e1b516d23)
Start importing Assets/Sprites/Gate_Puzzle/Lock_Red.png using Guid(b57d7745e25667a4dad4f5a00f116ddf) Importer(2089858483,0ecaa5967403d082aa24f35e1b516d23)  -> (artifact id: '750e250485424c4f45357502377d7300') in 0.024257 seconds 
Number of updated asset objects reloaded before import = 0
Number of asset objects unloaded after import = 3
========================================================================
Received Import Request.
  Time since last request: 0.000018 seconds.
  path: Assets/Scripts/Dialog_Scripts/DialogueTrigger.cs
  artifactKey: Guid(be24023e1f22da345b1ca021f69f1952) Importer(2089858483,0ecaa5967403d082aa24f35e1b516d23)
Start importing Assets/Scripts/Dialog_Scripts/DialogueTrigger.cs using Guid(be24023e1f22da345b1ca021f69f1952) Importer(2089858483,0ecaa5967403d082aa24f35e1b516d23)  -> (artifact id: '19377b13bc031e87d87d746ad471e057') in 0.010953 seconds 
Number of updated asset objects reloaded before import = 0
Number of asset objects unloaded after import = 1
========================================================================
Received Import Request.
  Time since last request: 0.000018 seconds.
  path: Assets/Sprites/Night Sky.png
  artifactKey: Guid(7f4280094a9b2b5478858d85c3b818f9) Importer(2089858483,0ecaa5967403d082aa24f35e1b516d23)
Start importing Assets/Sprites/Night Sky.png using Guid(7f4280094a9b2b5478858d85c3b818f9) Importer(2089858483,0ecaa5967403d082aa24f35e1b516d23)  -> (artifact id: 'e37d1466c55328a48e3de6bf55410907') in 0.068262 seconds 
Number of updated asset objects reloaded before import = 0
Number of asset objects unloaded after import = 3
========================================================================
Received Import Request.
  Time since last request: 0.000017 seconds.
  path: Assets/Tilemap/Tiles/Grave_Ground (1).asset
  artifactKey: Guid(a3c95fef96fa97c44aeba59f8eb8057a) Importer(2089858483,0ecaa5967403d082aa24f35e1b516d23)
Start importing Assets/Tilemap/Tiles/Grave_Ground (1).asset using Guid(a3c95fef96fa97c44aeba59f8eb8057a) Importer(2089858483,0ecaa5967403d082aa24f35e1b516d23)  -> (artifact id: '244a1bc100472a9844ceb2d9a61fb882') in 0.020769 seconds 
Number of updated asset objects reloaded before import = 0
Number of asset objects unloaded after import = 3
========================================================================
Received Import Request.
  Time since last request: 0.000017 seconds.
  path: Assets/Tilemap/Tiles/GraveYard_floor Tileset_0.asset
  artifactKey: Guid(22e2068e357037f46b5e8ce70f85ca1b) Importer(2089858483,0ecaa5967403d082aa24f35e1b516d23)
Start importing Assets/Tilemap/Tiles/GraveYard_floor Tileset_0.asset using Guid(22e2068e357037f46b5e8ce70f85ca1b) Importer(2089858483,0ecaa5967403d082aa24f35e1b516d23)  -> (artifact id: 'e5aae8afeb1607c44270d836778c5624') in 0.010004 seconds 
Number of updated asset objects reloaded before import = 0
Number of asset objects unloaded after import = 3
========================================================================
Received Import Request.
  Time since last request: 0.000017 seconds.
  path: Assets/Tilemap/Tiles/Fence_Side.asset
  artifactKey: Guid(f9c16984b55bb2e48b7b53fa7cd026a8) Importer(2089858483,0ecaa5967403d082aa24f35e1b516d23)
Start importing Assets/Tilemap/Tiles/Fence_Side.asset using Guid(f9c16984b55bb2e48b7b53fa7cd026a8) Importer(2089858483,0ecaa5967403d082aa24f35e1b516d23)  -> (artifact id: 'ea795e6e6cfe8e5d4906ea25c53fffa3') in 0.009844 seconds 
Number of updated asset objects reloaded before import = 0
Number of asset objects unloaded after import = 3
========================================================================
Received Import Request.
  Time since last request: 0.000017 seconds.
  path: Assets/TextMesh Pro/Sprites/EmojiOne.json
  artifactKey: Guid(8f05276190cf498a8153f6cbe761d4e6) Importer(2089858483,0ecaa5967403d082aa24f35e1b516d23)
Start importing Assets/TextMesh Pro/Sprites/EmojiOne.json using Guid(8f05276190cf498a8153f6cbe761d4e6) Importer(2089858483,0ecaa5967403d082aa24f35e1b516d23)  -> (artifact id: '610dc6e3a798b3a2fbadaa02d0afd2dd') in 0.020056 seconds 
Number of updated asset objects reloaded before import = 0
Number of asset objects unloaded after import = 1
========================================================================
Received Import Request.
  Time since last request: 0.000017 seconds.
  path: Assets/TextMesh Pro/Sprites/EmojiOne.png
  artifactKey: Guid(dffef66376be4fa480fb02b19edbe903) Importer(2089858483,0ecaa5967403d082aa24f35e1b516d23)
Start importing Assets/TextMesh Pro/Sprites/EmojiOne.png using Guid(dffef66376be4fa480fb02b19edbe903) Importer(2089858483,0ecaa5967403d082aa24f35e1b516d23)  -> (artifact id: 'e356964b4f41fa084201a1fba6dd0bec') in 0.031972 seconds 
Number of updated asset objects reloaded before import = 0
Number of asset objects unloaded after import = 1
========================================================================
Received Import Request.
  Time since last request: 0.000020 seconds.
  path: Assets/Tilemap/Tiles/Fence.asset
  artifactKey: Guid(2e25b269d4f3d3944aadb09fcf16b8de) Importer(2089858483,0ecaa5967403d082aa24f35e1b516d23)
Start importing Assets/Tilemap/Tiles/Fence.asset using Guid(2e25b269d4f3d3944aadb09fcf16b8de) Importer(2089858483,0ecaa5967403d082aa24f35e1b516d23)  -> (artifact id: 'eb885e1700e1c0ed9f263669dc668216') in 0.010873 seconds 
Number of updated asset objects reloaded before import = 0
Number of asset objects unloaded after import = 3
========================================================================
Received Import Request.
  Time since last request: 0.000022 seconds.
  path: Assets/Scenes/Side_2.unity
  artifactKey: Guid(b3ae22792731b6a478de5a063e007c14) Importer(2089858483,0ecaa5967403d082aa24f35e1b516d23)
Start importing Assets/Scenes/Side_2.unity using Guid(b3ae22792731b6a478de5a063e007c14) Importer(2089858483,0ecaa5967403d082aa24f35e1b516d23)  -> (artifact id: '73deeef7f6be813ac99f20b914539876') in 0.006796 seconds 
Number of updated asset objects reloaded before import = 0
Number of asset objects unloaded after import = 1
========================================================================
Received Import Request.
  Time since last request: 0.000064 seconds.
  path: Assets/Sprites/Frag_Gate.png
  artifactKey: Guid(cce2438bad685ba4ea37d8c67a1b9c41) Importer(2089858483,0ecaa5967403d082aa24f35e1b516d23)
Start importing Assets/Sprites/Frag_Gate.png using Guid(cce2438bad685ba4ea37d8c67a1b9c41) Importer(2089858483,0ecaa5967403d082aa24f35e1b516d23)  -> (artifact id: 'e9d23142883807a4cf96f8e5a59a2e4a') in 0.023171 seconds 
Number of updated asset objects reloaded before import = 0
Number of asset objects unloaded after import = 3
========================================================================
Received Import Request.
  Time since last request: 0.000018 seconds.
  path: Assets/Animation/NPC_Idle2.anim
  artifactKey: Guid(ad77c488d07ce2b43a848b57f2fc939e) Importer(2089858483,0ecaa5967403d082aa24f35e1b516d23)
Start importing Assets/Animation/NPC_Idle2.anim using Guid(ad77c488d07ce2b43a848b57f2fc939e) Importer(2089858483,0ecaa5967403d082aa24f35e1b516d23)  -> (artifact id: '9ce85d2ed4fc726be50f24c8dab6f5d9') in 0.010455 seconds 
Number of updated asset objects reloaded before import = 0
Number of asset objects unloaded after import = 1
========================================================================
Received Import Request.
  Time since last request: 0.000018 seconds.
  path: Assets/Tilemap/Tiles/Fence.png
  artifactKey: Guid(de28b91c6bc9a5141b451372adbf986d) Importer(2089858483,0ecaa5967403d082aa24f35e1b516d23)
Start importing Assets/Tilemap/Tiles/Fence.png using Guid(de28b91c6bc9a5141b451372adbf986d) Importer(2089858483,0ecaa5967403d082aa24f35e1b516d23)  -> (artifact id: '995903a9e12eea2ba83d58af934eff0c') in 0.019587 seconds 
Number of updated asset objects reloaded before import = 0
Number of asset objects unloaded after import = 3
========================================================================
Received Import Request.
  Time since last request: 0.000019 seconds.
  path: Assets/TextMesh Pro/Shaders/TMP_Sprite.shader
  artifactKey: Guid(cf81c85f95fe47e1a27f6ae460cf182c) Importer(2089858483,0ecaa5967403d082aa24f35e1b516d23)
Start importing Assets/TextMesh Pro/Shaders/TMP_Sprite.shader using Guid(cf81c85f95fe47e1a27f6ae460cf182c) Importer(2089858483,0ecaa5967403d082aa24f35e1b516d23)  -> (artifact id: '38f45d6f673c064c3edc196d6e6c1951') in 0.014045 seconds 
Number of updated asset objects reloaded before import = 0
Number of asset objects unloaded after import = 1
========================================================================
Received Import Request.
  Time since last request: 0.000022 seconds.
  path: Assets/Scenes/Latch_Puzzle.unity
  artifactKey: Guid(991a7a93cbcb93f4f849c4a326f6eaf8) Importer(2089858483,0ecaa5967403d082aa24f35e1b516d23)
Start importing Assets/Scenes/Latch_Puzzle.unity using Guid(991a7a93cbcb93f4f849c4a326f6eaf8) Importer(2089858483,0ecaa5967403d082aa24f35e1b516d23)  -> (artifact id: 'ac27a506c9f8b7ca611734b00c1ffb9f') in 0.006067 seconds 
Number of updated asset objects reloaded before import = 0
Number of asset objects unloaded after import = 1
========================================================================
Received Import Request.
  Time since last request: 0.000017 seconds.
  path: Assets/Scripts/TextShow.cs
  artifactKey: Guid(a7eef350cdfeea64694b40ad76a5c6b4) Importer(2089858483,0ecaa5967403d082aa24f35e1b516d23)
Start importing Assets/Scripts/TextShow.cs using Guid(a7eef350cdfeea64694b40ad76a5c6b4) Importer(2089858483,0ecaa5967403d082aa24f35e1b516d23)  -> (artifact id: '4c9bb19432a9ae94d80f29fb63b6ac74') in 0.007668 seconds 
Number of updated asset objects reloaded before import = 0
Number of asset objects unloaded after import = 1
========================================================================
Received Import Request.
  Time since last request: 0.000020 seconds.
  path: Assets/TextMesh Pro/Shaders/TMP_SDF-Mobile Masking.shader
  artifactKey: Guid(bc1ede39bf3643ee8e493720e4259791) Importer(2089858483,0ecaa5967403d082aa24f35e1b516d23)
Start importing Assets/TextMesh Pro/Shaders/TMP_SDF-Mobile Masking.shader using Guid(bc1ede39bf3643ee8e493720e4259791) Importer(2089858483,0ecaa5967403d082aa24f35e1b516d23)  -> (artifact id: '40610420a9b575bcb8cb33403a93687c') in 0.011629 seconds 
Number of updated asset objects reloaded before import = 0
Number of asset objects unloaded after import = 1
========================================================================
Received Import Request.
  Time since last request: 0.000018 seconds.
  path: Assets/TextMesh Pro/Shaders/TMPro_Surface.cginc
  artifactKey: Guid(d930090c0cd643c7b55f19a38538c162) Importer(2089858483,0ecaa5967403d082aa24f35e1b516d23)
Start importing Assets/TextMesh Pro/Shaders/TMPro_Surface.cginc using Guid(d930090c0cd643c7b55f19a38538c162) Importer(2089858483,0ecaa5967403d082aa24f35e1b516d23)  -> (artifact id: '94901179504e70de68d61f99ab1b2961') in 0.024587 seconds 
Number of updated asset objects reloaded before import = 0
Number of asset objects unloaded after import = 1
========================================================================
Received Import Request.
  Time since last request: 0.000017 seconds.
  path: Assets/TextMesh Pro/Shaders/TMP_Bitmap.shader
  artifactKey: Guid(128e987d567d4e2c824d754223b3f3b0) Importer(2089858483,0ecaa5967403d082aa24f35e1b516d23)
Start importing Assets/TextMesh Pro/Shaders/TMP_Bitmap.shader using Guid(128e987d567d4e2c824d754223b3f3b0) Importer(2089858483,0ecaa5967403d082aa24f35e1b516d23)  -> (artifact id: '56e7048454d9321d35ef5afc4d789717') in 0.008910 seconds 
Number of updated asset objects reloaded before import = 0
Number of asset objects unloaded after import = 1
========================================================================
Received Import Request.
  Time since last request: 0.000019 seconds.
  path: Assets/TextMesh Pro/Shaders/TMP_SDF Overlay.shader
  artifactKey: Guid(dd89cf5b9246416f84610a006f916af7) Importer(2089858483,0ecaa5967403d082aa24f35e1b516d23)
Start importing Assets/TextMesh Pro/Shaders/TMP_SDF Overlay.shader using Guid(dd89cf5b9246416f84610a006f916af7) Importer(2089858483,0ecaa5967403d082aa24f35e1b516d23)  -> (artifact id: '023261957670a5da29fd464584192a51') in 0.011302 seconds 
Number of updated asset objects reloaded before import = 0
Number of asset objects unloaded after import = 1
========================================================================
Received Import Request.
  Time since last request: 0.000018 seconds.
  path: Assets/Tests/NewTestScript.cs
  artifactKey: Guid(37ad1fe7f58886a44ae9fa36d8ae7b86) Importer(2089858483,0ecaa5967403d082aa24f35e1b516d23)
Start importing Assets/Tests/NewTestScript.cs using Guid(37ad1fe7f58886a44ae9fa36d8ae7b86) Importer(2089858483,0ecaa5967403d082aa24f35e1b516d23)  -> (artifact id: 'cea9cb1e4229439712a8fb660990f709') in 0.008029 seconds 
Number of updated asset objects reloaded before import = 0
Number of asset objects unloaded after import = 1
========================================================================
Received Import Request.
  Time since last request: 0.000016 seconds.
  path: Assets/Sprites/Tile_Off.png
  artifactKey: Guid(06cce99cff3bf514b92c96623a51ed1d) Importer(2089858483,0ecaa5967403d082aa24f35e1b516d23)
Start importing Assets/Sprites/Tile_Off.png using Guid(06cce99cff3bf514b92c96623a51ed1d) Importer(2089858483,0ecaa5967403d082aa24f35e1b516d23)  -> (artifact id: '59f3a754150d75966c50b596cc2ec508') in 0.018803 seconds 
Number of updated asset objects reloaded before import = 0
Number of asset objects unloaded after import = 3
========================================================================
Received Import Request.
  Time since last request: 0.000019 seconds.
  path: Assets/TextMesh Pro/Shaders/TMP_SDF-Mobile SSD.shader
  artifactKey: Guid(c8d12adcee749c344b8117cf7c7eb912) Importer(2089858483,0ecaa5967403d082aa24f35e1b516d23)
Start importing Assets/TextMesh Pro/Shaders/TMP_SDF-Mobile SSD.shader using Guid(c8d12adcee749c344b8117cf7c7eb912) Importer(2089858483,0ecaa5967403d082aa24f35e1b516d23)  -> (artifact id: '0918277e4d7d5fe93c1f367215e50323') in 0.013231 seconds 
Number of updated asset objects reloaded before import = 0
Number of asset objects unloaded after import = 1
========================================================================
Received Import Request.
  Time since last request: 0.000020 seconds.
  path: Assets/Scripts/Movement_2Way.cs
  artifactKey: Guid(0606b1e2ac8410c488c237eb02b0c311) Importer(2089858483,0ecaa5967403d082aa24f35e1b516d23)
Start importing Assets/Scripts/Movement_2Way.cs using Guid(0606b1e2ac8410c488c237eb02b0c311) Importer(2089858483,0ecaa5967403d082aa24f35e1b516d23)  -> (artifact id: '3f28cea50b9bba35758c833fac9cb4b7') in 0.009410 seconds 
Number of updated asset objects reloaded before import = 0
Number of asset objects unloaded after import = 1
========================================================================
Received Import Request.
  Time since last request: 0.000018 seconds.
  path: Assets/TextMesh Pro/Resources/LineBreaking Following Characters.txt
  artifactKey: Guid(fade42e8bc714b018fac513c043d323b) Importer(2089858483,0ecaa5967403d082aa24f35e1b516d23)
Start importing Assets/TextMesh Pro/Resources/LineBreaking Following Characters.txt using Guid(fade42e8bc714b018fac513c043d323b) Importer(2089858483,0ecaa5967403d082aa24f35e1b516d23)  -> (artifact id: 'e5a1c57dee40697c2e99fd08207b739e') in 0.008014 seconds 
Number of updated asset objects reloaded before import = 0
Number of asset objects unloaded after import = 1
========================================================================
Received Import Request.
  Time since last request: 0.000021 seconds.
  path: Assets/TextMesh Pro/Shaders/TMP_SDF SSD.shader
  artifactKey: Guid(14eb328de4b8eb245bb7cea29e4ac00b) Importer(2089858483,0ecaa5967403d082aa24f35e1b516d23)
Start importing Assets/TextMesh Pro/Shaders/TMP_SDF SSD.shader using Guid(14eb328de4b8eb245bb7cea29e4ac00b) Importer(2089858483,0ecaa5967403d082aa24f35e1b516d23)  -> (artifact id: '5ee4daf9a6f3fc165c81c6da31c36ac4') in 0.014786 seconds 
Number of updated asset objects reloaded before import = 0
Number of asset objects unloaded after import = 1
========================================================================
Received Import Request.
  Time since last request: 0.000028 seconds.
  path: Assets/Scripts/Movement 8_Way.cs
  artifactKey: Guid(4c18ef34d9b077a46976cf58a358f80f) Importer(2089858483,0ecaa5967403d082aa24f35e1b516d23)
Start importing Assets/Scripts/Movement 8_Way.cs using Guid(4c18ef34d9b077a46976cf58a358f80f) Importer(2089858483,0ecaa5967403d082aa24f35e1b516d23)  -> (artifact id: 'e38f63e06bc3ed782d3361e5cee791d2') in 0.008987 seconds 
Number of updated asset objects reloaded before import = 0
Number of asset objects unloaded after import = 1
========================================================================
Received Import Request.
  Time since last request: 0.000021 seconds.
  path: Assets/Tilemap/Tiles/GraveYard_floor Tileset_3.asset
  artifactKey: Guid(e550dae96ee57454c9ca01fc5ceb8d64) Importer(2089858483,0ecaa5967403d082aa24f35e1b516d23)
Start importing Assets/Tilemap/Tiles/GraveYard_floor Tileset_3.asset using Guid(e550dae96ee57454c9ca01fc5ceb8d64) Importer(2089858483,0ecaa5967403d082aa24f35e1b516d23)  -> (artifact id: '9038a0c07b32cc42c350f8020b11db63') in 0.013890 seconds 
Number of updated asset objects reloaded before import = 0
Number of asset objects unloaded after import = 3
========================================================================
Received Import Request.
  Time since last request: 0.000018 seconds.
  path: Assets/Sound/pick-up-sfx-38516.mp3
  artifactKey: Guid(7ff8af7dfc57d2c4bb44202c344d00a9) Importer(2089858483,0ecaa5967403d082aa24f35e1b516d23)
Start importing Assets/Sound/pick-up-sfx-38516.mp3 using Guid(7ff8af7dfc57d2c4bb44202c344d00a9) Importer(2089858483,0ecaa5967403d082aa24f35e1b516d23)  -> (artifact id: 'c29c409828b7e6c0533c85959026fbab') in 0.057994 seconds 
Number of updated asset objects reloaded before import = 0
Number of asset objects unloaded after import = 1
========================================================================
Received Import Request.
  Time since last request: 0.001546 seconds.
  path: Assets/Scripts/Drag_and_Drop.cs
  artifactKey: Guid(0872c4ba86f26f442ac8006b06b51cd0) Importer(2089858483,0ecaa5967403d082aa24f35e1b516d23)
Start importing Assets/Scripts/Drag_and_Drop.cs using Guid(0872c4ba86f26f442ac8006b06b51cd0) Importer(2089858483,0ecaa5967403d082aa24f35e1b516d23)  -> (artifact id: 'c863dd8191c47ce6e976acc7d717a7b4') in 0.010324 seconds 
Number of updated asset objects reloaded before import = 0
Number of asset objects unloaded after import = 1
========================================================================
Received Import Request.
  Time since last request: 0.000018 seconds.
  path: Assets/Scripts/Collect.cs
  artifactKey: Guid(24c996b70ddc1244e99b207d85bf96e2) Importer(2089858483,0ecaa5967403d082aa24f35e1b516d23)
Start importing Assets/Scripts/Collect.cs using Guid(24c996b70ddc1244e99b207d85bf96e2) Importer(2089858483,0ecaa5967403d082aa24f35e1b516d23)  -> (artifact id: '878dad76af7b9a0b559a113c0ffda558') in 0.008874 seconds 
Number of updated asset objects reloaded before import = 0
Number of asset objects unloaded after import = 1
========================================================================
Received Import Request.
  Time since last request: 0.000019 seconds.
  path: Assets/Sprites/Tiles.png
  artifactKey: Guid(1e6a91554ed70254c8080330726f1d55) Importer(2089858483,0ecaa5967403d082aa24f35e1b516d23)
Start importing Assets/Sprites/Tiles.png using Guid(1e6a91554ed70254c8080330726f1d55) Importer(2089858483,0ecaa5967403d082aa24f35e1b516d23)  -> (artifact id: '166c928ca63e760abe4f18404a6870b2') in 0.106017 seconds 
Number of updated asset objects reloaded before import = 0
Number of asset objects unloaded after import = 38
========================================================================
Received Import Request.
  Time since last request: 0.000019 seconds.
  path: Assets/TextMesh Pro/Resources/Fonts & Materials/LiberationSans SDF - Outline.mat
  artifactKey: Guid(79459efec17a4d00a321bdcc27bbc385) Importer(2089858483,0ecaa5967403d082aa24f35e1b516d23)
Start importing Assets/TextMesh Pro/Resources/Fonts & Materials/LiberationSans SDF - Outline.mat using Guid(79459efec17a4d00a321bdcc27bbc385) Importer(2089858483,0ecaa5967403d082aa24f35e1b516d23)  -> (artifact id: '9d6d2645ea22bc795b2b6b9be018e9e9') in 0.032327 seconds 
Number of updated asset objects reloaded before import = 0
Number of asset objects unloaded after import = 2
========================================================================
Received Import Request.
  Time since last request: 0.000021 seconds.
  path: Assets/TextMesh Pro/Resources/Style Sheets/Default Style Sheet.asset
  artifactKey: Guid(f952c082cb03451daed3ee968ac6c63e) Importer(2089858483,0ecaa5967403d082aa24f35e1b516d23)
Start importing Assets/TextMesh Pro/Resources/Style Sheets/Default Style Sheet.asset using Guid(f952c082cb03451daed3ee968ac6c63e) Importer(2089858483,0ecaa5967403d082aa24f35e1b516d23)  -> (artifact id: '5ddada5fb6ef955c3df980339a0aa6f7') in 0.014696 seconds 
Number of updated asset objects reloaded before import = 0
Number of asset objects unloaded after import = 1
========================================================================
Received Import Request.
  Time since last request: 0.000027 seconds.
  path: Assets/TextMesh Pro/Resources/Fonts & Materials/LiberationSans SDF.asset
  artifactKey: Guid(8f586378b4e144a9851e7b34d9b748ee) Importer(2089858483,0ecaa5967403d082aa24f35e1b516d23)
Start importing Assets/TextMesh Pro/Resources/Fonts & Materials/LiberationSans SDF.asset using Guid(8f586378b4e144a9851e7b34d9b748ee) Importer(2089858483,0ecaa5967403d082aa24f35e1b516d23)  -> (artifact id: '5f3de4c54d6839ab966140ff1c351c44') in 0.074487 seconds 
Number of updated asset objects reloaded before import = 0
Number of asset objects unloaded after import = 8
========================================================================
Received Import Request.
  Time since last request: 0.000017 seconds.
  path: Assets/Sprites/Key_frag.png
  artifactKey: Guid(4e30546b613a5d144acab83f2c614d21) Importer(2089858483,0ecaa5967403d082aa24f35e1b516d23)
Start importing Assets/Sprites/Key_frag.png using Guid(4e30546b613a5d144acab83f2c614d21) Importer(2089858483,0ecaa5967403d082aa24f35e1b516d23)  -> (artifact id: 'a42fe6b784c36e76e511608273cf9769') in 0.029843 seconds 
Number of updated asset objects reloaded before import = 0
Number of asset objects unloaded after import = 3
========================================================================
Received Import Request.
  Time since last request: 0.000020 seconds.
  path: Assets/Sprites/summer and spring items.png
  artifactKey: Guid(bfbf14deb93de86419e65793c623892d) Importer(2089858483,0ecaa5967403d082aa24f35e1b516d23)
Start importing Assets/Sprites/summer and spring items.png using Guid(bfbf14deb93de86419e65793c623892d) Importer(2089858483,0ecaa5967403d082aa24f35e1b516d23)  -> (artifact id: '32674e61023438cc2398425cea313284') in 0.150326 seconds 
Number of updated asset objects reloaded before import = 0
Number of asset objects unloaded after import = 50
========================================================================
Received Import Request.
  Time since last request: 0.000022 seconds.
  path: Assets/Scenes/Side_3.unity
  artifactKey: Guid(6af6a73cfffb3cc4ab61263d6d35a724) Importer(2089858483,0ecaa5967403d082aa24f35e1b516d23)
Start importing Assets/Scenes/Side_3.unity using Guid(6af6a73cfffb3cc4ab61263d6d35a724) Importer(2089858483,0ecaa5967403d082aa24f35e1b516d23)  -> (artifact id: 'cf2db05fd9f070322270b312885bc749') in 0.016206 seconds 
Number of updated asset objects reloaded before import = 0
Number of asset objects unloaded after import = 1
========================================================================
Received Import Request.
  Time since last request: 0.001958 seconds.
  path: Assets/Sprites/pixel-game-background-vector-12492918.jpg
  artifactKey: Guid(6e011af73f9870940ba48f83bbc7ffa6) Importer(2089858483,0ecaa5967403d082aa24f35e1b516d23)
Start importing Assets/Sprites/pixel-game-background-vector-12492918.jpg using Guid(6e011af73f9870940ba48f83bbc7ffa6) Importer(2089858483,0ecaa5967403d082aa24f35e1b516d23)  -> (artifact id: '673e4ea690fcb8c808ea0e3ac5eeb0d5') in 0.034145 seconds 
Number of updated asset objects reloaded before import = 0
Number of asset objects unloaded after import = 3
========================================================================
Received Import Request.
  Time since last request: 0.001875 seconds.
  path: Assets/Sprites/POI_Mark.png
  artifactKey: Guid(04b8f3f51b2499540a557f8d8532adef) Importer(2089858483,0ecaa5967403d082aa24f35e1b516d23)
Start importing Assets/Sprites/POI_Mark.png using Guid(04b8f3f51b2499540a557f8d8532adef) Importer(2089858483,0ecaa5967403d082aa24f35e1b516d23)  -> (artifact id: 'c8a8f6edee17c29659926b714d11535a') in 0.026922 seconds 
Number of updated asset objects reloaded before import = 0
Number of asset objects unloaded after import = 3
========================================================================
Received Import Request.
  Time since last request: 0.000018 seconds.
  path: Assets/Sprites/Shine.png
  artifactKey: Guid(cf1c6ee22786c254699e1142cf8bbca9) Importer(2089858483,0ecaa5967403d082aa24f35e1b516d23)
Start importing Assets/Sprites/Shine.png using Guid(cf1c6ee22786c254699e1142cf8bbca9) Importer(2089858483,0ecaa5967403d082aa24f35e1b516d23)  -> (artifact id: '63537e78e841a768b8f6ab7079a3603d') in 0.021906 seconds 
Number of updated asset objects reloaded before import = 0
Number of asset objects unloaded after import = 3
========================================================================
Received Import Request.
  Time since last request: 0.000020 seconds.
  path: Assets/Scripts/Drag_and_Drop_key.cs
  artifactKey: Guid(69196eb9fd4c65143a437e254632d9ca) Importer(2089858483,0ecaa5967403d082aa24f35e1b516d23)
Start importing Assets/Scripts/Drag_and_Drop_key.cs using Guid(69196eb9fd4c65143a437e254632d9ca) Importer(2089858483,0ecaa5967403d082aa24f35e1b516d23)  -> (artifact id: '4a962de8d6d8183b326789ad14a903e8') in 0.022895 seconds 
Number of updated asset objects reloaded before import = 0
Number of asset objects unloaded after import = 1
========================================================================
Received Import Request.
  Time since last request: 0.000029 seconds.
  path: Assets/TextMesh Pro/Shaders/TMP_SDF-Surface.shader
  artifactKey: Guid(f7ada0af4f174f0694ca6a487b8f543d) Importer(2089858483,0ecaa5967403d082aa24f35e1b516d23)
Start importing Assets/TextMesh Pro/Shaders/TMP_SDF-Surface.shader using Guid(f7ada0af4f174f0694ca6a487b8f543d) Importer(2089858483,0ecaa5967403d082aa24f35e1b516d23)  -> (artifact id: '67dc473ba69d996cbf75954854e53e26') in 0.035472 seconds 
Number of updated asset objects reloaded before import = 0
Number of asset objects unloaded after import = 1
========================================================================
Received Import Request.
  Time since last request: 0.000021 seconds.
  path: Assets/TextMesh Pro/Shaders/TMPro_Properties.cginc
  artifactKey: Guid(3997e2241185407d80309a82f9148466) Importer(2089858483,0ecaa5967403d082aa24f35e1b516d23)
Start importing Assets/TextMesh Pro/Shaders/TMPro_Properties.cginc using Guid(3997e2241185407d80309a82f9148466) Importer(2089858483,0ecaa5967403d082aa24f35e1b516d23)  -> (artifact id: 'a961703cb79b4622f743392d1601eb36') in 0.009588 seconds 
Number of updated asset objects reloaded before import = 0
Number of asset objects unloaded after import = 1
========================================================================
Received Import Request.
  Time since last request: 0.000019 seconds.
  path: Assets/Tilemap/GroundTiles.prefab
  artifactKey: Guid(98b9bb4307c09494780fe94bf147817d) Importer(2089858483,0ecaa5967403d082aa24f35e1b516d23)
Start importing Assets/Tilemap/GroundTiles.prefab using Guid(98b9bb4307c09494780fe94bf147817d) Importer(2089858483,0ecaa5967403d082aa24f35e1b516d23)  -> (artifact id: '1985707052a658df02d7968cb9dbf208') in 0.062159 seconds 
Number of updated asset objects reloaded before import = 0
Number of asset objects unloaded after import = 26
========================================================================
Received Import Request.
  Time since last request: 0.000022 seconds.
  path: Assets/Scripts/Reset.cs
  artifactKey: Guid(b651fc0d764c205439560dddbab3988e) Importer(2089858483,0ecaa5967403d082aa24f35e1b516d23)
Start importing Assets/Scripts/Reset.cs using Guid(b651fc0d764c205439560dddbab3988e) Importer(2089858483,0ecaa5967403d082aa24f35e1b516d23)  -> (artifact id: '62117419025cdd69d7ca16c8e864ea91') in 0.008751 seconds 
Number of updated asset objects reloaded before import = 0
Number of asset objects unloaded after import = 1
========================================================================
Received Import Request.
  Time since last request: 0.000029 seconds.
  path: Assets/Sprites/Alter_2.png
  artifactKey: Guid(298e74face45d004fbd92d805a6bdd64) Importer(2089858483,0ecaa5967403d082aa24f35e1b516d23)
Start importing Assets/Sprites/Alter_2.png using Guid(298e74face45d004fbd92d805a6bdd64) Importer(2089858483,0ecaa5967403d082aa24f35e1b516d23)  -> (artifact id: 'f41a949c47c93b134549537cc2620b18') in 0.032099 seconds 
Number of updated asset objects reloaded before import = 0
Number of asset objects unloaded after import = 3
========================================================================
Received Import Request.
  Time since last request: 0.000017 seconds.
  path: Assets/Animation/Venge_Ghost_0.controller
  artifactKey: Guid(184bab9b1b334a441816e39e6b6fac4d) Importer(2089858483,0ecaa5967403d082aa24f35e1b516d23)
Start importing Assets/Animation/Venge_Ghost_0.controller using Guid(184bab9b1b334a441816e39e6b6fac4d) Importer(2089858483,0ecaa5967403d082aa24f35e1b516d23)  -> (artifact id: '699a5ffea4ca520f9ccb068314e86542') in 0.008360 seconds 
Number of updated asset objects reloaded before import = 0
Number of asset objects unloaded after import = 4
========================================================================
Received Import Request.
  Time since last request: 0.000015 seconds.
  path: Assets/TextMesh Pro/Shaders/TMP_SDF-Surface-Mobile.shader
  artifactKey: Guid(85187c2149c549c5b33f0cdb02836b17) Importer(2089858483,0ecaa5967403d082aa24f35e1b516d23)
Start importing Assets/TextMesh Pro/Shaders/TMP_SDF-Surface-Mobile.shader using Guid(85187c2149c549c5b33f0cdb02836b17) Importer(2089858483,0ecaa5967403d082aa24f35e1b516d23)  -> (artifact id: '3498bb418e53bd140f5192cb12f99209') in 0.010746 seconds 
Number of updated asset objects reloaded before import = 0
Number of asset objects unloaded after import = 1
========================================================================
Received Import Request.
  Time since last request: 0.000015 seconds.
  path: Assets/Scenes/Story.unity
  artifactKey: Guid(7cca85fb391770b419349a4026509e12) Importer(2089858483,0ecaa5967403d082aa24f35e1b516d23)
Start importing Assets/Scenes/Story.unity using Guid(7cca85fb391770b419349a4026509e12) Importer(2089858483,0ecaa5967403d082aa24f35e1b516d23)  -> (artifact id: 'f81b75a219456dbe4f5ff2f6c22d7732') in 0.027309 seconds 
Number of updated asset objects reloaded before import = 0
Number of asset objects unloaded after import = 1
========================================================================
Received Import Request.
  Time since last request: 0.000111 seconds.
  path: Assets/Sprites/Spikes.png
  artifactKey: Guid(36aa1c088486beb4ca62c68199ba833c) Importer(2089858483,0ecaa5967403d082aa24f35e1b516d23)
Start importing Assets/Sprites/Spikes.png using Guid(36aa1c088486beb4ca62c68199ba833c) Importer(2089858483,0ecaa5967403d082aa24f35e1b516d23)  -> (artifact id: '570ae086d9af9cc39cce6fa1bf46aa94') in 0.020139 seconds 
Number of updated asset objects reloaded before import = 0
Number of asset objects unloaded after import = 3
========================================================================
Received Import Request.
  Time since last request: 0.000018 seconds.
  path: Assets/Scripts/Side1_Enter.cs
  artifactKey: Guid(2875564376ac1134fa3413344339139a) Importer(2089858483,0ecaa5967403d082aa24f35e1b516d23)
Start importing Assets/Scripts/Side1_Enter.cs using Guid(2875564376ac1134fa3413344339139a) Importer(2089858483,0ecaa5967403d082aa24f35e1b516d23)  -> (artifact id: '59576ea7cf27f6b160ca1ea68d121644') in 0.007425 seconds 
Number of updated asset objects reloaded before import = 0
Number of asset objects unloaded after import = 1
========================================================================
Received Import Request.
  Time since last request: 0.000018 seconds.
  path: Assets/Animation/Npc_Ghost_0.controller
  artifactKey: Guid(f0f4211aad60ebd4182b997a36621821) Importer(2089858483,0ecaa5967403d082aa24f35e1b516d23)
Start importing Assets/Animation/Npc_Ghost_0.controller using Guid(f0f4211aad60ebd4182b997a36621821) Importer(2089858483,0ecaa5967403d082aa24f35e1b516d23)  -> (artifact id: 'edf5654972a9c71799b9a83d656d0fce') in 0.009937 seconds 
Number of updated asset objects reloaded before import = 0
Number of asset objects unloaded after import = 4
Editor requested this worker to shutdown with reason: Scaling down because of idle timeout
TcpMessagingSession - receive error: operation aborted. errorcode: 995, details: The I/O operation has been aborted because of either a thread exit or an application request.
AssetImportWorker is now disconnected from the server
Process exiting
Exiting without the bug reporter. Application will terminate with return code 0